<?xml version="1.0" encoding="UTF-8"?>
<testsuite xmlns:xsi="http://www.w3.org/2001/XMLSchema-instance" xsi:schemaLocation="https://maven.apache.org/surefire/maven-surefire-plugin/xsd/surefire-test-report.xsd" name="runner.Runner" time="57.93" tests="4" errors="0" skipped="0" failures="0">
  <properties>
[...]
</properties>
  <testcase name="Given User is on the Signin page" classname="Scenario: Amazon Login Test Scenario" time="0"/>
  <testcase name="When User enters the username and password" classname="Scenario: Amazon Login Test Scenario" time="0"/>
  <testcase name="Then User clicks on the loginbutton" classname="Scenario: Amazon Login Test Scenario" time="0"/>
  <testcase name="Scenario: Amazon Login Test Scenario" classname="Scenario: Amazon Login Test Scenario" time="9.093"/>
</testsuite>