<acceptance-test-run title="Search Flight Scenario" name="Search Flight Scenario" description="" steps="8" successful="7" failures="1" skipped="0" ignored="0" pending="0" annotated-result="FAILURE" result="FAILURE" duration="16041" timestamp="2020-08-26T21:19:14.855+05:30">
  <user-story id="blaze-demo-book-flight" name="Blaze Demo Book Flight" path="C:/Users/Abhi/workspace/CucumberSerenityFramework/resources/feature/bookFlight.feature"/>
  <tags>
    <tag name="Blaze Demo Book Flight" type="feature"/>
    <tag name="FunctionalTest" type="tag"/>
    <tag name="SearchFlight1" type="tag"/>
  </tags>
  <examples>
    <datasets>
      <dataset startRow="0" rowCount="0" name="" description=""/>
    </datasets>
    <headers>
      <header>from_city</header>
      <header>to_city</header>
      <header>name</header>
      <header>address</header>
      <header>city</header>
      <header>state</header>
      <header>zip</header>
      <header>cardnumber</header>
      <header>holder_name</header>
      <header>flight_name</header>
    </headers>
    <rows>
      <row result="FAILURE">
        <value>Mexico City</value>
        <value>London</value>
        <value></value>
        <value></value>
        <value></value>
        <value></value>
        <value>555555</value>
        <value>12345</value>
        <value>James Bond</value>
        <value>Lufthansa</value>
      </row>
    </rows>
  </examples>
  <test-group name="[1] {from_city=Mexico City, to_city=London, name=, address=, city=, state=, zip=555555, cardnumber=12345, holder_name=James Bond, flight_name=Lufthansa}" result="FAILURE">
    <test-step result="SUCCESS" duration="298">
      <description>Given User is on the Home Page</description>
    </test-step>
    <test-step result="SUCCESS" duration="123">
      <description>When User enters the &quot;Mexico City&quot; from_city</description>
    </test-step>
    <test-step result="SUCCESS" duration="123">
      <description>Then User enters the &quot;London&quot; to_city</description>
    </test-step>
    <test-step result="SUCCESS" duration="546">
      <description>And User clicks the Search button</description>
    </test-step>
    <test-step result="SUCCESS" duration="885">
      <description>And User choose the &quot;Lufthansa&quot;</description>
    </test-step>
    <test-step result="SUCCESS" duration="1147">
      <description>And User enters &quot;&quot;,&quot;&quot;,&quot;&quot;,&quot;&quot;,&quot;555555&quot;,&quot;12345&quot; and &quot;James Bond&quot;</description>
    </test-step>
    <test-step result="SUCCESS" duration="901">
      <description>And User click on Purchase Flight</description>
    </test-step>
    <test-step result="FAILURE" duration="139">
      <description>And User verifies the message to fill details</description>
      <error>java.lang.AssertionError</error>
      <exception>java.lang.AssertionError:null&#xd;
[pages.VerifyPurcahsePage.verify_message(VerifyPurcahsePage.java:41), stepDefinitions.StepDefinitions.verify_message(StepDefinitions.java:110), âœ½.And User verifies the message to fill details(C:/Users/Abhi/workspace/CucumberSerenityFramework/resources/feature/bookFlight.feature:38)]</exception>
    </test-step>
  </test-group>
</acceptance-test-run>